{"C:\\Users\\Owner\\Desktop\\dev_projects\\first_project\\database.js": {"path":"C:\\Users\\Owner\\Desktop\\dev_projects\\first_project\\database.js","statementMap":{"0":{"start":{"line":1,"column":0},"end":{"line":1,"column":27}},"1":{"start":{"line":2,"column":17},"end":{"line":2,"column":36}},"2":{"start":{"line":4,"column":0},"end":{"line":4,"column":42}},"3":{"start":{"line":5,"column":0},"end":{"line":5,"column":36}},"4":{"start":{"line":7,"column":0},"end":{"line":7,"column":26}}},"fnMap":{},"branchMap":{},"s":{"0":1,"1":1,"2":1,"3":1,"4":1},"f":{},"b":{},"_coverageSchema":"1a1c01bbd47fc00a2c39e90264f33305004495a9","hash":"fe9887b477c900624c2e9aafe1f143c3bb466697"}
,"C:\\Users\\Owner\\Desktop\\dev_projects\\first_project\\server.js": {"path":"C:\\Users\\Owner\\Desktop\\dev_projects\\first_project\\server.js","statementMap":{"0":{"start":{"line":1,"column":16},"end":{"line":1,"column":34}},"1":{"start":{"line":2,"column":23},"end":{"line":2,"column":56}},"2":{"start":{"line":3,"column":17},"end":{"line":3,"column":38}},"3":{"start":{"line":4,"column":0},"end":{"line":4,"column":27}},"4":{"start":{"line":6,"column":12},"end":{"line":6,"column":21}},"5":{"start":{"line":8,"column":0},"end":{"line":8,"column":20}},"6":{"start":{"line":11,"column":0},"end":{"line":13,"column":3}},"7":{"start":{"line":12,"column":2},"end":{"line":12,"column":66}},"8":{"start":{"line":15,"column":0},"end":{"line":15,"column":21}}},"fnMap":{"0":{"name":"(anonymous_0)","decl":{"start":{"line":11,"column":29},"end":{"line":11,"column":30}},"loc":{"start":{"line":11,"column":35},"end":{"line":13,"column":1}},"line":11}},"branchMap":{},"s":{"0":1,"1":1,"2":1,"3":1,"4":1,"5":1,"6":1,"7":1,"8":1},"f":{"0":1},"b":{},"_coverageSchema":"1a1c01bbd47fc00a2c39e90264f33305004495a9","hash":"57b192a322fd3749f9db9b0bab32a84594551c87"}
,"C:\\Users\\Owner\\Desktop\\dev_projects\\first_project\\middlewares\\index.js": {"path":"C:\\Users\\Owner\\Desktop\\dev_projects\\first_project\\middlewares\\index.js","statementMap":{"0":{"start":{"line":1,"column":16},"end":{"line":1,"column":34}},"1":{"start":{"line":2,"column":13},"end":{"line":2,"column":28}},"2":{"start":{"line":3,"column":16},"end":{"line":3,"column":42}},"3":{"start":{"line":4,"column":31},"end":{"line":4,"column":64}},"4":{"start":{"line":5,"column":23},"end":{"line":5,"column":60}},"5":{"start":{"line":6,"column":21},"end":{"line":6,"column":56}},"6":{"start":{"line":7,"column":21},"end":{"line":7,"column":54}},"7":{"start":{"line":8,"column":19},"end":{"line":8,"column":53}},"8":{"start":{"line":9,"column":20},"end":{"line":9,"column":55}},"9":{"start":{"line":13,"column":2},"end":{"line":13,"column":56}},"10":{"start":{"line":14,"column":2},"end":{"line":14,"column":32}},"11":{"start":{"line":17,"column":2},"end":{"line":17,"column":50}},"12":{"start":{"line":18,"column":2},"end":{"line":18,"column":26}},"13":{"start":{"line":19,"column":2},"end":{"line":25,"column":4}},"14":{"start":{"line":28,"column":2},"end":{"line":28,"column":64}},"15":{"start":{"line":31,"column":2},"end":{"line":31,"column":31}},"16":{"start":{"line":32,"column":2},"end":{"line":32,"column":39}},"17":{"start":{"line":33,"column":2},"end":{"line":33,"column":35}},"18":{"start":{"line":34,"column":2},"end":{"line":34,"column":33}},"19":{"start":{"line":35,"column":2},"end":{"line":35,"column":32}},"20":{"start":{"line":36,"column":2},"end":{"line":36,"column":34}},"21":{"start":{"line":39,"column":0},"end":{"line":39,"column":32}}},"fnMap":{"0":{"name":"addMiddlewares","decl":{"start":{"line":11,"column":9},"end":{"line":11,"column":23}},"loc":{"start":{"line":11,"column":29},"end":{"line":37,"column":1}},"line":11}},"branchMap":{},"s":{"0":1,"1":1,"2":1,"3":1,"4":1,"5":1,"6":1,"7":1,"8":1,"9":1,"10":1,"11":1,"12":1,"13":1,"14":1,"15":1,"16":1,"17":1,"18":1,"19":1,"20":1,"21":1},"f":{"0":1},"b":{},"_coverageSchema":"1a1c01bbd47fc00a2c39e90264f33305004495a9","hash":"ef1e794f37d36e72a28d212d5bae0bb44ddfa02a"}
,"C:\\Users\\Owner\\Desktop\\dev_projects\\first_project\\models\\Comment.js": {"path":"C:\\Users\\Owner\\Desktop\\dev_projects\\first_project\\models\\Comment.js","statementMap":{"0":{"start":{"line":1,"column":17},"end":{"line":1,"column":36}},"1":{"start":{"line":3,"column":22},"end":{"line":9,"column":2}},"2":{"start":{"line":11,"column":0},"end":{"line":11,"column":58}}},"fnMap":{},"branchMap":{},"s":{"0":1,"1":1,"2":1},"f":{},"b":{},"_coverageSchema":"1a1c01bbd47fc00a2c39e90264f33305004495a9","hash":"1fd3ed9b6b681c5f9922fb6d8978aed9755ef154"}
,"C:\\Users\\Owner\\Desktop\\dev_projects\\first_project\\models\\Post.js": {"path":"C:\\Users\\Owner\\Desktop\\dev_projects\\first_project\\models\\Post.js","statementMap":{"0":{"start":{"line":1,"column":17},"end":{"line":1,"column":36}},"1":{"start":{"line":3,"column":19},"end":{"line":22,"column":2}},"2":{"start":{"line":24,"column":0},"end":{"line":24,"column":52}}},"fnMap":{},"branchMap":{},"s":{"0":1,"1":1,"2":1},"f":{},"b":{},"_coverageSchema":"1a1c01bbd47fc00a2c39e90264f33305004495a9","hash":"c3d11d8386d3b46a6eb6d83a107e4c46b0274aed"}
,"C:\\Users\\Owner\\Desktop\\dev_projects\\first_project\\models\\User.js": {"path":"C:\\Users\\Owner\\Desktop\\dev_projects\\first_project\\models\\User.js","statementMap":{"0":{"start":{"line":1,"column":17},"end":{"line":1,"column":36}},"1":{"start":{"line":2,"column":15},"end":{"line":2,"column":32}},"2":{"start":{"line":3,"column":19},"end":{"line":31,"column":2}},"3":{"start":{"line":33,"column":0},"end":{"line":41,"column":3}},"4":{"start":{"line":34,"column":2},"end":{"line":40,"column":3}},"5":{"start":{"line":35,"column":27},"end":{"line":35,"column":63}},"6":{"start":{"line":36,"column":4},"end":{"line":36,"column":35}},"7":{"start":{"line":37,"column":4},"end":{"line":37,"column":11}},"8":{"start":{"line":39,"column":4},"end":{"line":39,"column":23}},"9":{"start":{"line":43,"column":0},"end":{"line":43,"column":52}}},"fnMap":{"0":{"name":"(anonymous_0)","decl":{"start":{"line":33,"column":23},"end":{"line":33,"column":24}},"loc":{"start":{"line":33,"column":45},"end":{"line":41,"column":1}},"line":33}},"branchMap":{},"s":{"0":1,"1":1,"2":1,"3":1,"4":10,"5":10,"6":10,"7":10,"8":0,"9":1},"f":{"0":10},"b":{},"_coverageSchema":"1a1c01bbd47fc00a2c39e90264f33305004495a9","hash":"37ff8433b943c2318fb13ccc510b74d24798fb7c"}
,"C:\\Users\\Owner\\Desktop\\dev_projects\\first_project\\routes\\Post\\post.js": {"path":"C:\\Users\\Owner\\Desktop\\dev_projects\\first_project\\routes\\Post\\post.js","statementMap":{"0":{"start":{"line":1,"column":16},"end":{"line":1,"column":34}},"1":{"start":{"line":2,"column":15},"end":{"line":2,"column":31}},"2":{"start":{"line":3,"column":16},"end":{"line":3,"column":42}},"3":{"start":{"line":4,"column":35},"end":{"line":4,"column":74}},"4":{"start":{"line":5,"column":22},"end":{"line":5,"column":64}},"5":{"start":{"line":7,"column":0},"end":{"line":22,"column":3}},"6":{"start":{"line":8,"column":2},"end":{"line":21,"column":3}},"7":{"start":{"line":9,"column":37},"end":{"line":9,"column":45}},"8":{"start":{"line":10,"column":48},"end":{"line":10,"column":64}},"9":{"start":{"line":12,"column":4},"end":{"line":12,"column":76}},"10":{"start":{"line":14,"column":4},"end":{"line":14,"column":45}},"11":{"start":{"line":15,"column":4},"end":{"line":15,"column":22}},"12":{"start":{"line":17,"column":4},"end":{"line":17,"column":25}},"13":{"start":{"line":18,"column":4},"end":{"line":20,"column":75}},"14":{"start":{"line":24,"column":0},"end":{"line":32,"column":3}},"15":{"start":{"line":25,"column":22},"end":{"line":25,"column":30}},"16":{"start":{"line":26,"column":15},"end":{"line":26,"column":31}},"17":{"start":{"line":27,"column":22},"end":{"line":27,"column":44}},"18":{"start":{"line":29,"column":18},"end":{"line":29,"column":47}},"19":{"start":{"line":30,"column":18},"end":{"line":30,"column":74}},"20":{"start":{"line":31,"column":2},"end":{"line":31,"column":22}},"21":{"start":{"line":34,"column":0},"end":{"line":34,"column":24}}},"fnMap":{"0":{"name":"(anonymous_0)","decl":{"start":{"line":7,"column":20},"end":{"line":7,"column":21}},"loc":{"start":{"line":7,"column":40},"end":{"line":22,"column":1}},"line":7},"1":{"name":"(anonymous_1)","decl":{"start":{"line":24,"column":37},"end":{"line":24,"column":38}},"loc":{"start":{"line":24,"column":57},"end":{"line":32,"column":1}},"line":24}},"branchMap":{},"s":{"0":1,"1":1,"2":1,"3":1,"4":1,"5":1,"6":1,"7":1,"8":1,"9":1,"10":1,"11":1,"12":0,"13":0,"14":1,"15":1,"16":1,"17":1,"18":1,"19":1,"20":1,"21":1},"f":{"0":1,"1":1},"b":{},"_coverageSchema":"1a1c01bbd47fc00a2c39e90264f33305004495a9","hash":"e7b2dabd53cee882a9daefb0b87c028a1d26d1b8"}
,"C:\\Users\\Owner\\Desktop\\dev_projects\\first_project\\routes\\Post\\search.js": {"path":"C:\\Users\\Owner\\Desktop\\dev_projects\\first_project\\routes\\Post\\search.js","statementMap":{"0":{"start":{"line":1,"column":16},"end":{"line":1,"column":34}},"1":{"start":{"line":2,"column":15},"end":{"line":2,"column":31}},"2":{"start":{"line":3,"column":13},"end":{"line":3,"column":41}},"3":{"start":{"line":8,"column":4},"end":{"line":8,"column":43}},"4":{"start":{"line":9,"column":27},"end":{"line":9,"column":65}},"5":{"start":{"line":11,"column":0},"end":{"line":28,"column":3}},"6":{"start":{"line":12,"column":25},"end":{"line":12,"column":45}},"7":{"start":{"line":13,"column":22},"end":{"line":15,"column":41}},"8":{"start":{"line":15,"column":22},"end":{"line":15,"column":40}},"9":{"start":{"line":17,"column":2},"end":{"line":27,"column":3}},"10":{"start":{"line":18,"column":21},"end":{"line":18,"column":51}},"11":{"start":{"line":20,"column":4},"end":{"line":24,"column":7}},"12":{"start":{"line":26,"column":4},"end":{"line":26,"column":33}},"13":{"start":{"line":30,"column":0},"end":{"line":49,"column":3}},"14":{"start":{"line":31,"column":22},"end":{"line":31,"column":44}},"15":{"start":{"line":33,"column":2},"end":{"line":48,"column":3}},"16":{"start":{"line":34,"column":50},"end":{"line":34,"column":79}},"17":{"start":{"line":36,"column":24},"end":{"line":36,"column":53}},"18":{"start":{"line":38,"column":4},"end":{"line":44,"column":7}},"19":{"start":{"line":46,"column":4},"end":{"line":46,"column":57}},"20":{"start":{"line":47,"column":4},"end":{"line":47,"column":23}},"21":{"start":{"line":51,"column":0},"end":{"line":51,"column":24}}},"fnMap":{"0":{"name":"(anonymous_0)","decl":{"start":{"line":11,"column":20},"end":{"line":11,"column":21}},"loc":{"start":{"line":11,"column":40},"end":{"line":28,"column":1}},"line":11},"1":{"name":"(anonymous_1)","decl":{"start":{"line":15,"column":12},"end":{"line":15,"column":13}},"loc":{"start":{"line":15,"column":22},"end":{"line":15,"column":40}},"line":15},"2":{"name":"(anonymous_2)","decl":{"start":{"line":30,"column":37},"end":{"line":30,"column":38}},"loc":{"start":{"line":30,"column":57},"end":{"line":49,"column":1}},"line":30}},"branchMap":{},"s":{"0":1,"1":1,"2":1,"3":1,"4":1,"5":1,"6":0,"7":0,"8":0,"9":0,"10":0,"11":0,"12":0,"13":1,"14":1,"15":1,"16":1,"17":1,"18":1,"19":0,"20":0,"21":1},"f":{"0":0,"1":0,"2":1},"b":{},"_coverageSchema":"1a1c01bbd47fc00a2c39e90264f33305004495a9","hash":"6422b56ee17bb0bf4582707b137a709a2371e9e0"}
,"C:\\Users\\Owner\\Desktop\\dev_projects\\first_project\\routes\\Post\\trends.js": {"path":"C:\\Users\\Owner\\Desktop\\dev_projects\\first_project\\routes\\Post\\trends.js","statementMap":{"0":{"start":{"line":1,"column":16},"end":{"line":1,"column":34}},"1":{"start":{"line":2,"column":15},"end":{"line":2,"column":31}},"2":{"start":{"line":3,"column":13},"end":{"line":3,"column":41}},"3":{"start":{"line":4,"column":20},"end":{"line":4,"column":57}},"4":{"start":{"line":5,"column":25},"end":{"line":5,"column":60}},"5":{"start":{"line":6,"column":29},"end":{"line":6,"column":65}},"6":{"start":{"line":8,"column":0},"end":{"line":17,"column":3}},"7":{"start":{"line":9,"column":24},"end":{"line":9,"column":43}},"8":{"start":{"line":10,"column":24},"end":{"line":10,"column":44}},"9":{"start":{"line":11,"column":21},"end":{"line":11,"column":49}},"10":{"start":{"line":13,"column":2},"end":{"line":13,"column":29}},"11":{"start":{"line":14,"column":2},"end":{"line":14,"column":26}},"12":{"start":{"line":16,"column":2},"end":{"line":16,"column":71}},"13":{"start":{"line":18,"column":0},"end":{"line":18,"column":24}}},"fnMap":{"0":{"name":"(anonymous_0)","decl":{"start":{"line":8,"column":29},"end":{"line":8,"column":30}},"loc":{"start":{"line":8,"column":49},"end":{"line":17,"column":1}},"line":8}},"branchMap":{},"s":{"0":1,"1":1,"2":1,"3":1,"4":1,"5":1,"6":1,"7":0,"8":0,"9":0,"10":0,"11":0,"12":0,"13":1},"f":{"0":0},"b":{},"_coverageSchema":"1a1c01bbd47fc00a2c39e90264f33305004495a9","hash":"dc8c79c45f7fca5b2556add820e4001bfa9775e4"}
,"C:\\Users\\Owner\\Desktop\\dev_projects\\first_project\\routes\\User\\auth.js": {"path":"C:\\Users\\Owner\\Desktop\\dev_projects\\first_project\\routes\\User\\auth.js","statementMap":{"0":{"start":{"line":1,"column":16},"end":{"line":1,"column":34}},"1":{"start":{"line":2,"column":15},"end":{"line":2,"column":31}},"2":{"start":{"line":3,"column":0},"end":{"line":3,"column":24}},"3":{"start":{"line":4,"column":16},"end":{"line":4,"column":42}},"4":{"start":{"line":5,"column":24},"end":{"line":5,"column":63}},"5":{"start":{"line":6,"column":22},"end":{"line":6,"column":27}},"6":{"start":{"line":8,"column":0},"end":{"line":21,"column":3}},"7":{"start":{"line":9,"column":33},"end":{"line":9,"column":41}},"8":{"start":{"line":11,"column":24},"end":{"line":11,"column":61}},"9":{"start":{"line":13,"column":2},"end":{"line":20,"column":3}},"10":{"start":{"line":14,"column":4},"end":{"line":14,"column":42}},"11":{"start":{"line":15,"column":4},"end":{"line":15,"column":27}},"12":{"start":{"line":17,"column":4},"end":{"line":17,"column":22}},"13":{"start":{"line":19,"column":4},"end":{"line":19,"column":40}},"14":{"start":{"line":23,"column":0},"end":{"line":25,"column":3}},"15":{"start":{"line":24,"column":2},"end":{"line":24,"column":32}},"16":{"start":{"line":27,"column":0},"end":{"line":32,"column":3}},"17":{"start":{"line":28,"column":2},"end":{"line":28,"column":24}},"18":{"start":{"line":29,"column":2},"end":{"line":29,"column":31}},"19":{"start":{"line":30,"column":2},"end":{"line":30,"column":26}},"20":{"start":{"line":31,"column":2},"end":{"line":31,"column":20}},"21":{"start":{"line":34,"column":0},"end":{"line":36,"column":2}}},"fnMap":{"0":{"name":"(anonymous_0)","decl":{"start":{"line":8,"column":22},"end":{"line":8,"column":23}},"loc":{"start":{"line":8,"column":42},"end":{"line":21,"column":1}},"line":8},"1":{"name":"(anonymous_1)","decl":{"start":{"line":23,"column":36},"end":{"line":23,"column":37}},"loc":{"start":{"line":23,"column":50},"end":{"line":25,"column":1}},"line":23},"2":{"name":"(anonymous_2)","decl":{"start":{"line":27,"column":22},"end":{"line":27,"column":23}},"loc":{"start":{"line":27,"column":36},"end":{"line":32,"column":1}},"line":27}},"branchMap":{"0":{"loc":{"start":{"line":13,"column":2},"end":{"line":20,"column":3}},"type":"if","locations":[{"start":{"line":13,"column":2},"end":{"line":20,"column":3}},{"start":{"line":18,"column":9},"end":{"line":20,"column":3}}],"line":13}},"s":{"0":1,"1":1,"2":1,"3":1,"4":1,"5":1,"6":1,"7":6,"8":6,"9":6,"10":5,"11":5,"12":5,"13":1,"14":1,"15":0,"16":1,"17":0,"18":0,"19":0,"20":0,"21":1},"f":{"0":6,"1":0,"2":0},"b":{"0":[5,1]},"_coverageSchema":"1a1c01bbd47fc00a2c39e90264f33305004495a9","hash":"1bec331e8189c09ec9bb8568046da47042908044"}
,"C:\\Users\\Owner\\Desktop\\dev_projects\\first_project\\routes\\User\\register.js": {"path":"C:\\Users\\Owner\\Desktop\\dev_projects\\first_project\\routes\\User\\register.js","statementMap":{"0":{"start":{"line":1,"column":16},"end":{"line":1,"column":34}},"1":{"start":{"line":2,"column":13},"end":{"line":2,"column":41}},"2":{"start":{"line":3,"column":25},"end":{"line":3,"column":64}},"3":{"start":{"line":4,"column":15},"end":{"line":4,"column":31}},"4":{"start":{"line":6,"column":0},"end":{"line":25,"column":3}},"5":{"start":{"line":8,"column":4},"end":{"line":8,"column":12}},"6":{"start":{"line":10,"column":25},"end":{"line":17,"column":3}},"7":{"start":{"line":19,"column":2},"end":{"line":24,"column":3}},"8":{"start":{"line":20,"column":4},"end":{"line":20,"column":22}},"9":{"start":{"line":21,"column":4},"end":{"line":21,"column":40}},"10":{"start":{"line":23,"column":4},"end":{"line":23,"column":48}},"11":{"start":{"line":27,"column":0},"end":{"line":27,"column":24}}},"fnMap":{"0":{"name":"(anonymous_0)","decl":{"start":{"line":6,"column":23},"end":{"line":6,"column":24}},"loc":{"start":{"line":6,"column":43},"end":{"line":25,"column":1}},"line":6}},"branchMap":{"0":{"loc":{"start":{"line":19,"column":2},"end":{"line":24,"column":3}},"type":"if","locations":[{"start":{"line":19,"column":2},"end":{"line":24,"column":3}},{"start":{"line":22,"column":9},"end":{"line":24,"column":3}}],"line":19}},"s":{"0":1,"1":1,"2":1,"3":1,"4":1,"5":2,"6":2,"7":2,"8":1,"9":1,"10":1,"11":1},"f":{"0":2},"b":{"0":[1,1]},"_coverageSchema":"1a1c01bbd47fc00a2c39e90264f33305004495a9","hash":"1f6d0dd52ed3b3d234e78c9f08c9672334de7318"}
,"C:\\Users\\Owner\\Desktop\\dev_projects\\first_project\\routes\\User\\users.js": {"path":"C:\\Users\\Owner\\Desktop\\dev_projects\\first_project\\routes\\User\\users.js","statementMap":{"0":{"start":{"line":1,"column":16},"end":{"line":1,"column":34}},"1":{"start":{"line":2,"column":16},"end":{"line":2,"column":42}},"2":{"start":{"line":3,"column":13},"end":{"line":3,"column":41}},"3":{"start":{"line":4,"column":15},"end":{"line":4,"column":32}},"4":{"start":{"line":5,"column":27},"end":{"line":5,"column":62}},"5":{"start":{"line":6,"column":27},"end":{"line":6,"column":65}},"6":{"start":{"line":7,"column":22},"end":{"line":7,"column":61}},"7":{"start":{"line":9,"column":15},"end":{"line":9,"column":31}},"8":{"start":{"line":11,"column":0},"end":{"line":24,"column":3}},"9":{"start":{"line":12,"column":15},"end":{"line":12,"column":31}},"10":{"start":{"line":13,"column":16},"end":{"line":13,"column":42}},"11":{"start":{"line":14,"column":19},"end":{"line":14,"column":49}},"12":{"start":{"line":16,"column":18},"end":{"line":16,"column":43}},"13":{"start":{"line":17,"column":21},"end":{"line":17,"column":52}},"14":{"start":{"line":19,"column":2},"end":{"line":23,"column":5}},"15":{"start":{"line":26,"column":0},"end":{"line":36,"column":3}},"16":{"start":{"line":27,"column":2},"end":{"line":35,"column":3}},"17":{"start":{"line":28,"column":17},"end":{"line":28,"column":33}},"18":{"start":{"line":30,"column":4},"end":{"line":30,"column":27}},"19":{"start":{"line":31,"column":4},"end":{"line":31,"column":24}},"20":{"start":{"line":33,"column":4},"end":{"line":33,"column":49}},"21":{"start":{"line":34,"column":4},"end":{"line":34,"column":50}},"22":{"start":{"line":38,"column":0},"end":{"line":78,"column":3}},"23":{"start":{"line":39,"column":2},"end":{"line":77,"column":3}},"24":{"start":{"line":41,"column":6},"end":{"line":41,"column":14}},"25":{"start":{"line":42,"column":17},"end":{"line":42,"column":33}},"26":{"start":{"line":46,"column":4},"end":{"line":50,"column":5}},"27":{"start":{"line":47,"column":6},"end":{"line":47,"column":31}},"28":{"start":{"line":49,"column":6},"end":{"line":49,"column":55}},"29":{"start":{"line":52,"column":18},"end":{"line":60,"column":5}},"30":{"start":{"line":62,"column":4},"end":{"line":64,"column":5}},"31":{"start":{"line":63,"column":6},"end":{"line":63,"column":63}},"32":{"start":{"line":66,"column":4},"end":{"line":66,"column":31}},"33":{"start":{"line":68,"column":4},"end":{"line":68,"column":24}},"34":{"start":{"line":70,"column":4},"end":{"line":70,"column":49}},"35":{"start":{"line":71,"column":4},"end":{"line":75,"column":6}},"36":{"start":{"line":76,"column":4},"end":{"line":76,"column":40}},"37":{"start":{"line":80,"column":0},"end":{"line":80,"column":24}}},"fnMap":{"0":{"name":"(anonymous_0)","decl":{"start":{"line":11,"column":23},"end":{"line":11,"column":24}},"loc":{"start":{"line":11,"column":43},"end":{"line":24,"column":1}},"line":11},"1":{"name":"(anonymous_1)","decl":{"start":{"line":26,"column":25},"end":{"line":26,"column":26}},"loc":{"start":{"line":26,"column":45},"end":{"line":36,"column":1}},"line":26},"2":{"name":"(anonymous_2)","decl":{"start":{"line":38,"column":21},"end":{"line":38,"column":22}},"loc":{"start":{"line":38,"column":41},"end":{"line":78,"column":1}},"line":38}},"branchMap":{"0":{"loc":{"start":{"line":16,"column":18},"end":{"line":16,"column":43}},"type":"binary-expr","locations":[{"start":{"line":16,"column":18},"end":{"line":16,"column":38}},{"start":{"line":16,"column":42},"end":{"line":16,"column":43}}],"line":16},"1":{"loc":{"start":{"line":17,"column":21},"end":{"line":17,"column":52}},"type":"binary-expr","locations":[{"start":{"line":17,"column":21},"end":{"line":17,"column":47}},{"start":{"line":17,"column":51},"end":{"line":17,"column":52}}],"line":17},"2":{"loc":{"start":{"line":46,"column":4},"end":{"line":50,"column":5}},"type":"if","locations":[{"start":{"line":46,"column":4},"end":{"line":50,"column":5}},{"start":{"line":48,"column":11},"end":{"line":50,"column":5}}],"line":46},"3":{"loc":{"start":{"line":62,"column":4},"end":{"line":64,"column":5}},"type":"if","locations":[{"start":{"line":62,"column":4},"end":{"line":64,"column":5}},{"start":{},"end":{}}],"line":62}},"s":{"0":1,"1":1,"2":1,"3":1,"4":1,"5":1,"6":1,"7":1,"8":1,"9":0,"10":0,"11":0,"12":0,"13":0,"14":0,"15":1,"16":0,"17":0,"18":0,"19":0,"20":0,"21":0,"22":1,"23":2,"24":2,"25":2,"26":2,"27":0,"28":2,"29":2,"30":2,"31":1,"32":1,"33":1,"34":1,"35":1,"36":1,"37":1},"f":{"0":0,"1":0,"2":2},"b":{"0":[0,0],"1":[0,0],"2":[0,2],"3":[1,1]},"_coverageSchema":"1a1c01bbd47fc00a2c39e90264f33305004495a9","hash":"9d00a29a7f7070642d3a23ccbe6a652e67ecde58"}
,"C:\\Users\\Owner\\Desktop\\dev_projects\\first_project\\services\\commentFunctions.js": {"path":"C:\\Users\\Owner\\Desktop\\dev_projects\\first_project\\services\\commentFunctions.js","statementMap":{"0":{"start":{"line":1,"column":16},"end":{"line":1,"column":44}},"1":{"start":{"line":3,"column":22},"end":{"line":10,"column":1}},"2":{"start":{"line":4,"column":18},"end":{"line":8,"column":4}},"3":{"start":{"line":9,"column":2},"end":{"line":9,"column":17}},"4":{"start":{"line":12,"column":0},"end":{"line":12,"column":31}}},"fnMap":{"0":{"name":"(anonymous_0)","decl":{"start":{"line":3,"column":22},"end":{"line":3,"column":23}},"loc":{"start":{"line":3,"column":62},"end":{"line":10,"column":1}},"line":3}},"branchMap":{},"s":{"0":1,"1":1,"2":1,"3":1,"4":1},"f":{"0":1},"b":{},"_coverageSchema":"1a1c01bbd47fc00a2c39e90264f33305004495a9","hash":"87820bd5f6e173f5afdc04506497e46266af7c00"}
,"C:\\Users\\Owner\\Desktop\\dev_projects\\first_project\\services\\postFunctions.js": {"path":"C:\\Users\\Owner\\Desktop\\dev_projects\\first_project\\services\\postFunctions.js","statementMap":{"0":{"start":{"line":1,"column":13},"end":{"line":1,"column":38}},"1":{"start":{"line":3,"column":20},"end":{"line":13,"column":1}},"2":{"start":{"line":4,"column":19},"end":{"line":10,"column":4}},"3":{"start":{"line":11,"column":2},"end":{"line":11,"column":21}},"4":{"start":{"line":12,"column":2},"end":{"line":12,"column":18}},"5":{"start":{"line":15,"column":19},"end":{"line":21,"column":1}},"6":{"start":{"line":16,"column":2},"end":{"line":16,"column":60}},"7":{"start":{"line":16,"column":33},"end":{"line":16,"column":58}},"8":{"start":{"line":18,"column":18},"end":{"line":18,"column":60}},"9":{"start":{"line":20,"column":2},"end":{"line":20,"column":17}},"10":{"start":{"line":23,"column":19},"end":{"line":41,"column":1}},"11":{"start":{"line":31,"column":18},"end":{"line":40,"column":4}},"12":{"start":{"line":43,"column":0},"end":{"line":43,"column":57}}},"fnMap":{"0":{"name":"(anonymous_0)","decl":{"start":{"line":3,"column":20},"end":{"line":3,"column":21}},"loc":{"start":{"line":3,"column":43},"end":{"line":13,"column":1}},"line":3},"1":{"name":"(anonymous_1)","decl":{"start":{"line":15,"column":19},"end":{"line":15,"column":20}},"loc":{"start":{"line":15,"column":42},"end":{"line":21,"column":1}},"line":15},"2":{"name":"(anonymous_2)","decl":{"start":{"line":16,"column":20},"end":{"line":16,"column":21}},"loc":{"start":{"line":16,"column":33},"end":{"line":16,"column":58}},"line":16},"3":{"name":"(anonymous_3)","decl":{"start":{"line":23,"column":19},"end":{"line":23,"column":20}},"loc":{"start":{"line":30,"column":5},"end":{"line":41,"column":1}},"line":30}},"branchMap":{},"s":{"0":1,"1":1,"2":0,"3":0,"4":0,"5":1,"6":2,"7":2,"8":2,"9":2,"10":1,"11":1,"12":1},"f":{"0":0,"1":2,"2":2,"3":1},"b":{},"_coverageSchema":"1a1c01bbd47fc00a2c39e90264f33305004495a9","hash":"e52ca24f973bbb273561b719a25a47e10cd3767f"}
,"C:\\Users\\Owner\\Desktop\\dev_projects\\first_project\\services\\userFunctions.js": {"path":"C:\\Users\\Owner\\Desktop\\dev_projects\\first_project\\services\\userFunctions.js","statementMap":{"0":{"start":{"line":1,"column":13},"end":{"line":1,"column":38}},"1":{"start":{"line":2,"column":15},"end":{"line":2,"column":32}},"2":{"start":{"line":4,"column":20},"end":{"line":24,"column":1}},"3":{"start":{"line":5,"column":2},"end":{"line":23,"column":3}},"4":{"start":{"line":6,"column":22},"end":{"line":6,"column":60}},"5":{"start":{"line":8,"column":4},"end":{"line":10,"column":5}},"6":{"start":{"line":9,"column":6},"end":{"line":9,"column":70}},"7":{"start":{"line":12,"column":28},"end":{"line":12,"column":78}},"8":{"start":{"line":14,"column":4},"end":{"line":16,"column":5}},"9":{"start":{"line":15,"column":6},"end":{"line":15,"column":70}},"10":{"start":{"line":19,"column":4},"end":{"line":19,"column":46}},"11":{"start":{"line":21,"column":4},"end":{"line":21,"column":25}},"12":{"start":{"line":22,"column":4},"end":{"line":22,"column":64}},"13":{"start":{"line":26,"column":21},"end":{"line":54,"column":1}},"14":{"start":{"line":34,"column":2},"end":{"line":53,"column":3}},"15":{"start":{"line":36,"column":20},"end":{"line":43,"column":6}},"16":{"start":{"line":45,"column":4},"end":{"line":45,"column":57}},"17":{"start":{"line":47,"column":4},"end":{"line":47,"column":68}},"18":{"start":{"line":49,"column":4},"end":{"line":52,"column":6}},"19":{"start":{"line":56,"column":19},"end":{"line":63,"column":1}},"20":{"start":{"line":57,"column":18},"end":{"line":57,"column":57}},"21":{"start":{"line":58,"column":2},"end":{"line":62,"column":3}},"22":{"start":{"line":59,"column":4},"end":{"line":59,"column":45}},"23":{"start":{"line":61,"column":4},"end":{"line":61,"column":36}},"24":{"start":{"line":65,"column":20},"end":{"line":91,"column":1}},"25":{"start":{"line":74,"column":2},"end":{"line":90,"column":3}},"26":{"start":{"line":75,"column":24},"end":{"line":84,"column":5}},"27":{"start":{"line":85,"column":23},"end":{"line":85,"column":75}},"28":{"start":{"line":86,"column":20},"end":{"line":86,"column":49}},"29":{"start":{"line":87,"column":4},"end":{"line":87,"column":19}},"30":{"start":{"line":89,"column":4},"end":{"line":89,"column":23}},"31":{"start":{"line":93,"column":0},"end":{"line":93,"column":72}}},"fnMap":{"0":{"name":"(anonymous_0)","decl":{"start":{"line":4,"column":20},"end":{"line":4,"column":21}},"loc":{"start":{"line":4,"column":46},"end":{"line":24,"column":1}},"line":4},"1":{"name":"(anonymous_1)","decl":{"start":{"line":26,"column":21},"end":{"line":26,"column":22}},"loc":{"start":{"line":33,"column":5},"end":{"line":54,"column":1}},"line":33},"2":{"name":"(anonymous_2)","decl":{"start":{"line":56,"column":19},"end":{"line":56,"column":20}},"loc":{"start":{"line":56,"column":35},"end":{"line":63,"column":1}},"line":56},"3":{"name":"(anonymous_3)","decl":{"start":{"line":65,"column":20},"end":{"line":65,"column":21}},"loc":{"start":{"line":73,"column":5},"end":{"line":91,"column":1}},"line":73}},"branchMap":{"0":{"loc":{"start":{"line":8,"column":4},"end":{"line":10,"column":5}},"type":"if","locations":[{"start":{"line":8,"column":4},"end":{"line":10,"column":5}},{"start":{},"end":{}}],"line":8},"1":{"loc":{"start":{"line":14,"column":4},"end":{"line":16,"column":5}},"type":"if","locations":[{"start":{"line":14,"column":4},"end":{"line":16,"column":5}},{"start":{},"end":{}}],"line":14},"2":{"loc":{"start":{"line":58,"column":2},"end":{"line":62,"column":3}},"type":"if","locations":[{"start":{"line":58,"column":2},"end":{"line":62,"column":3}},{"start":{"line":60,"column":9},"end":{"line":62,"column":3}}],"line":58},"3":{"loc":{"start":{"line":82,"column":18},"end":{"line":82,"column":61}},"type":"cond-expr","locations":[{"start":{"line":82,"column":35},"end":{"line":82,"column":49}},{"start":{"line":82,"column":52},"end":{"line":82,"column":61}}],"line":82}},"s":{"0":1,"1":1,"2":1,"3":6,"4":6,"5":6,"6":0,"7":6,"8":6,"9":1,"10":5,"11":0,"12":0,"13":1,"14":2,"15":2,"16":1,"17":1,"18":1,"19":1,"20":0,"21":0,"22":0,"23":0,"24":1,"25":2,"26":2,"27":2,"28":1,"29":1,"30":1,"31":1},"f":{"0":6,"1":2,"2":0,"3":2},"b":{"0":[0,6],"1":[1,5],"2":[0,0],"3":[2,0]},"_coverageSchema":"1a1c01bbd47fc00a2c39e90264f33305004495a9","hash":"84093125fca42d79def0a60f5032fd7a270e5d6d"}
,"C:\\Users\\Owner\\Desktop\\dev_projects\\first_project\\stats\\avgPostLength.js": {"path":"C:\\Users\\Owner\\Desktop\\dev_projects\\first_project\\stats\\avgPostLength.js","statementMap":{"0":{"start":{"line":1,"column":17},"end":{"line":1,"column":36}},"1":{"start":{"line":2,"column":13},"end":{"line":2,"column":38}},"2":{"start":{"line":3,"column":13},"end":{"line":3,"column":38}},"3":{"start":{"line":4,"column":0},"end":{"line":4,"column":27}},"4":{"start":{"line":7,"column":2},"end":{"line":42,"column":3}},"5":{"start":{"line":8,"column":21},"end":{"line":36,"column":5}},"6":{"start":{"line":38,"column":19},"end":{"line":38,"column":49}},"7":{"start":{"line":39,"column":4},"end":{"line":39,"column":18}},"8":{"start":{"line":41,"column":4},"end":{"line":41,"column":47}},"9":{"start":{"line":45,"column":0},"end":{"line":45,"column":38}}},"fnMap":{"0":{"name":"avgPostLengthPerUser","decl":{"start":{"line":6,"column":15},"end":{"line":6,"column":35}},"loc":{"start":{"line":6,"column":38},"end":{"line":43,"column":1}},"line":6}},"branchMap":{},"s":{"0":1,"1":1,"2":1,"3":1,"4":0,"5":0,"6":0,"7":0,"8":0,"9":1},"f":{"0":0},"b":{},"_coverageSchema":"1a1c01bbd47fc00a2c39e90264f33305004495a9","hash":"915710feac81697196ee29cceb2aac7614dac70b"}
,"C:\\Users\\Owner\\Desktop\\dev_projects\\first_project\\stats\\commentsPerPost.js": {"path":"C:\\Users\\Owner\\Desktop\\dev_projects\\first_project\\stats\\commentsPerPost.js","statementMap":{"0":{"start":{"line":1,"column":16},"end":{"line":1,"column":44}},"1":{"start":{"line":2,"column":13},"end":{"line":2,"column":38}},"2":{"start":{"line":5,"column":19},"end":{"line":17,"column":3}},"3":{"start":{"line":19,"column":17},"end":{"line":19,"column":50}},"4":{"start":{"line":20,"column":2},"end":{"line":20,"column":16}},"5":{"start":{"line":23,"column":0},"end":{"line":23,"column":36}}},"fnMap":{"0":{"name":"getCommentsPerPost","decl":{"start":{"line":4,"column":15},"end":{"line":4,"column":33}},"loc":{"start":{"line":4,"column":38},"end":{"line":21,"column":1}},"line":4}},"branchMap":{},"s":{"0":1,"1":1,"2":1,"3":1,"4":1,"5":1},"f":{"0":1},"b":{},"_coverageSchema":"1a1c01bbd47fc00a2c39e90264f33305004495a9","hash":"388be90b341b57a1310d6284ea7bc22d954abc8c"}
,"C:\\Users\\Owner\\Desktop\\dev_projects\\first_project\\stats\\commentsPerUser.js": {"path":"C:\\Users\\Owner\\Desktop\\dev_projects\\first_project\\stats\\commentsPerUser.js","statementMap":{"0":{"start":{"line":1,"column":16},"end":{"line":1,"column":44}},"1":{"start":{"line":2,"column":13},"end":{"line":2,"column":38}},"2":{"start":{"line":3,"column":13},"end":{"line":3,"column":38}},"3":{"start":{"line":6,"column":19},"end":{"line":22,"column":3}},"4":{"start":{"line":24,"column":17},"end":{"line":24,"column":44}},"5":{"start":{"line":25,"column":2},"end":{"line":25,"column":16}},"6":{"start":{"line":28,"column":0},"end":{"line":28,"column":36}}},"fnMap":{"0":{"name":"getCommentsPerUser","decl":{"start":{"line":5,"column":15},"end":{"line":5,"column":33}},"loc":{"start":{"line":5,"column":40},"end":{"line":26,"column":1}},"line":5}},"branchMap":{},"s":{"0":1,"1":1,"2":1,"3":0,"4":0,"5":0,"6":1},"f":{"0":0},"b":{},"_coverageSchema":"1a1c01bbd47fc00a2c39e90264f33305004495a9","hash":"7f0ccb1b151ee672af5d77d048e84f383a5f9fdb"}
,"C:\\Users\\Owner\\Desktop\\dev_projects\\first_project\\stats\\postsPerUser.js": {"path":"C:\\Users\\Owner\\Desktop\\dev_projects\\first_project\\stats\\postsPerUser.js","statementMap":{"0":{"start":{"line":1,"column":17},"end":{"line":1,"column":36}},"1":{"start":{"line":2,"column":13},"end":{"line":2,"column":38}},"2":{"start":{"line":3,"column":13},"end":{"line":3,"column":38}},"3":{"start":{"line":4,"column":0},"end":{"line":4,"column":27}},"4":{"start":{"line":7,"column":2},"end":{"line":36,"column":3}},"5":{"start":{"line":8,"column":24},"end":{"line":29,"column":5}},"6":{"start":{"line":31,"column":19},"end":{"line":31,"column":52}},"7":{"start":{"line":33,"column":4},"end":{"line":33,"column":18}},"8":{"start":{"line":35,"column":4},"end":{"line":35,"column":47}},"9":{"start":{"line":40,"column":2},"end":{"line":62,"column":3}},"10":{"start":{"line":41,"column":24},"end":{"line":57,"column":5}},"11":{"start":{"line":59,"column":19},"end":{"line":59,"column":52}},"12":{"start":{"line":61,"column":4},"end":{"line":61,"column":47}},"13":{"start":{"line":65,"column":0},"end":{"line":65,"column":50}}},"fnMap":{"0":{"name":"postsPerUser","decl":{"start":{"line":6,"column":15},"end":{"line":6,"column":27}},"loc":{"start":{"line":6,"column":30},"end":{"line":37,"column":1}},"line":6},"1":{"name":"getPostsNumber","decl":{"start":{"line":39,"column":15},"end":{"line":39,"column":29}},"loc":{"start":{"line":39,"column":36},"end":{"line":63,"column":1}},"line":39}},"branchMap":{},"s":{"0":1,"1":1,"2":1,"3":1,"4":0,"5":0,"6":0,"7":0,"8":0,"9":0,"10":0,"11":0,"12":0,"13":1},"f":{"0":0,"1":0},"b":{},"_coverageSchema":"1a1c01bbd47fc00a2c39e90264f33305004495a9","hash":"0a4ef880b77543b92329573df3514edd5f9b121b"}
,"C:\\Users\\Owner\\Desktop\\dev_projects\\first_project\\stats\\tagsPopularity.js": {"path":"C:\\Users\\Owner\\Desktop\\dev_projects\\first_project\\stats\\tagsPopularity.js","statementMap":{"0":{"start":{"line":1,"column":17},"end":{"line":1,"column":36}},"1":{"start":{"line":2,"column":13},"end":{"line":2,"column":38}},"2":{"start":{"line":3,"column":0},"end":{"line":3,"column":27}},"3":{"start":{"line":5,"column":23},"end":{"line":35,"column":1}},"4":{"start":{"line":6,"column":2},"end":{"line":34,"column":3}},"5":{"start":{"line":7,"column":22},"end":{"line":28,"column":6}},"6":{"start":{"line":30,"column":4},"end":{"line":30,"column":21}},"7":{"start":{"line":32,"column":4},"end":{"line":32,"column":25}},"8":{"start":{"line":33,"column":4},"end":{"line":33,"column":16}},"9":{"start":{"line":37,"column":0},"end":{"line":37,"column":32}}},"fnMap":{"0":{"name":"(anonymous_0)","decl":{"start":{"line":5,"column":23},"end":{"line":5,"column":24}},"loc":{"start":{"line":5,"column":35},"end":{"line":35,"column":1}},"line":5}},"branchMap":{},"s":{"0":1,"1":1,"2":1,"3":1,"4":0,"5":0,"6":0,"7":0,"8":0,"9":1},"f":{"0":0},"b":{},"_coverageSchema":"1a1c01bbd47fc00a2c39e90264f33305004495a9","hash":"3a01ad496535ea341b442ec9a086ced31cc5ff87"}
}
