TN:
SF:database.js
FNF:0
FNH:0
DA:1,2
DA:2,2
DA:4,2
DA:5,2
DA:7,2
LF:5
LH:5
BRF:0
BRH:0
end_of_record
TN:
SF:server.js
FN:11,(anonymous_0)
FNF:1
FNH:1
FNDA:1,(anonymous_0)
DA:1,2
DA:2,2
DA:3,2
DA:4,2
DA:6,2
DA:8,2
DA:11,2
DA:12,1
DA:15,2
LF:9
LH:9
BRF:0
BRH:0
end_of_record
TN:
SF:middlewares\index.js
FN:11,addMiddlewares
FNF:1
FNH:1
FNDA:2,addMiddlewares
DA:1,2
DA:2,2
DA:3,2
DA:4,2
DA:5,2
DA:6,2
DA:7,2
DA:8,2
DA:9,2
DA:13,2
DA:14,2
DA:17,2
DA:18,2
DA:19,2
DA:28,2
DA:31,2
DA:32,2
DA:33,2
DA:34,2
DA:35,2
DA:36,2
DA:39,2
LF:22
LH:22
BRF:0
BRH:0
end_of_record
TN:
SF:models\Comment.js
FNF:0
FNH:0
DA:1,2
DA:3,2
DA:11,2
LF:3
LH:3
BRF:0
BRH:0
end_of_record
TN:
SF:models\Post.js
FNF:0
FNH:0
DA:1,1
DA:3,1
DA:24,1
LF:3
LH:3
BRF:0
BRH:0
end_of_record
TN:
SF:models\User.js
FN:33,(anonymous_0)
FNF:1
FNH:1
FNDA:10,(anonymous_0)
DA:1,2
DA:2,2
DA:3,2
DA:33,2
DA:34,10
DA:35,10
DA:36,10
DA:37,10
DA:39,0
DA:43,2
LF:10
LH:9
BRF:0
BRH:0
end_of_record
TN:
SF:routes\Post\post.js
FN:7,(anonymous_0)
FN:24,(anonymous_1)
FNF:2
FNH:1
FNDA:1,(anonymous_0)
FNDA:0,(anonymous_1)
DA:1,2
DA:2,2
DA:3,2
DA:4,2
DA:5,2
DA:7,2
DA:8,1
DA:9,1
DA:10,1
DA:12,1
DA:14,1
DA:15,1
DA:17,0
DA:18,0
DA:24,2
DA:25,0
DA:26,0
DA:27,0
DA:29,0
DA:31,0
DA:34,2
LF:21
LH:14
BRF:0
BRH:0
end_of_record
TN:
SF:routes\Post\search.js
FN:11,(anonymous_0)
FN:15,(anonymous_1)
FN:30,(anonymous_2)
FNF:3
FNH:1
FNDA:0,(anonymous_0)
FNDA:0,(anonymous_1)
FNDA:2,(anonymous_2)
DA:1,2
DA:2,2
DA:3,2
DA:8,2
DA:9,2
DA:11,2
DA:12,0
DA:13,0
DA:15,0
DA:17,0
DA:18,0
DA:20,0
DA:26,0
DA:30,2
DA:31,2
DA:33,2
DA:34,2
DA:36,2
DA:38,2
DA:46,0
DA:47,0
DA:51,2
LF:22
LH:13
BRF:0
BRH:0
end_of_record
TN:
SF:routes\Post\trends.js
FN:8,(anonymous_0)
FNF:1
FNH:0
FNDA:0,(anonymous_0)
DA:1,2
DA:2,2
DA:3,2
DA:4,2
DA:5,2
DA:6,2
DA:8,2
DA:9,0
DA:10,0
DA:11,0
DA:13,0
DA:14,0
DA:16,0
DA:18,2
LF:14
LH:8
BRF:0
BRH:0
end_of_record
TN:
SF:routes\User\auth.js
FN:8,(anonymous_0)
FN:23,(anonymous_1)
FN:27,(anonymous_2)
FNF:3
FNH:1
FNDA:7,(anonymous_0)
FNDA:0,(anonymous_1)
FNDA:0,(anonymous_2)
DA:1,2
DA:2,2
DA:3,2
DA:4,2
DA:5,2
DA:6,2
DA:8,2
DA:9,7
DA:11,7
DA:13,7
DA:14,5
DA:15,5
DA:17,5
DA:19,2
DA:23,2
DA:24,0
DA:27,2
DA:28,0
DA:29,0
DA:30,0
DA:31,0
DA:34,2
LF:22
LH:17
BRDA:13,0,0,5
BRDA:13,0,1,2
BRF:2
BRH:2
end_of_record
TN:
SF:routes\User\register.js
FN:6,(anonymous_0)
FNF:1
FNH:1
FNDA:4,(anonymous_0)
DA:1,2
DA:2,2
DA:3,2
DA:4,2
DA:6,2
DA:8,4
DA:10,4
DA:19,4
DA:20,2
DA:21,2
DA:23,2
DA:27,2
LF:12
LH:12
BRDA:19,0,0,2
BRDA:19,0,1,2
BRF:2
BRH:2
end_of_record
TN:
SF:routes\User\users.js
FN:11,(anonymous_0)
FN:26,(anonymous_1)
FN:38,(anonymous_2)
FNF:3
FNH:1
FNDA:0,(anonymous_0)
FNDA:0,(anonymous_1)
FNDA:4,(anonymous_2)
DA:1,2
DA:2,2
DA:3,2
DA:4,2
DA:5,2
DA:6,2
DA:7,2
DA:9,2
DA:11,2
DA:12,0
DA:13,0
DA:14,0
DA:16,0
DA:17,0
DA:19,0
DA:26,2
DA:27,0
DA:28,0
DA:30,0
DA:31,0
DA:33,0
DA:34,0
DA:38,2
DA:39,4
DA:41,4
DA:42,4
DA:45,4
DA:48,4
DA:49,0
DA:51,4
DA:54,4
DA:64,4
DA:65,2
DA:68,2
DA:70,2
DA:72,2
DA:73,2
DA:78,2
DA:82,2
LF:39
LH:26
BRDA:16,0,0,0
BRDA:16,0,1,0
BRDA:17,1,0,0
BRDA:17,1,1,0
BRDA:48,2,0,0
BRDA:48,2,1,4
BRDA:64,3,0,2
BRDA:64,3,1,2
BRF:8
BRH:3
end_of_record
TN:
SF:services\commentFunctions.js
FN:3,(anonymous_0)
FNF:1
FNH:0
FNDA:0,(anonymous_0)
DA:1,2
DA:3,2
DA:4,0
DA:9,0
DA:12,2
LF:5
LH:3
BRF:0
BRH:0
end_of_record
TN:
SF:services\postFunctions.js
FN:3,(anonymous_0)
FN:14,(anonymous_1)
FN:15,(anonymous_2)
FN:22,(anonymous_3)
FNF:4
FNH:3
FNDA:0,(anonymous_0)
FNDA:2,(anonymous_1)
FNDA:2,(anonymous_2)
FNDA:1,(anonymous_3)
DA:1,2
DA:3,2
DA:4,0
DA:11,0
DA:14,2
DA:15,2
DA:17,2
DA:19,2
DA:22,2
DA:30,1
DA:42,2
LF:11
LH:9
BRF:0
BRH:0
end_of_record
TN:
SF:services\userFunctions.js
FN:4,(anonymous_0)
FN:26,(anonymous_1)
FN:56,(anonymous_2)
FN:65,(anonymous_3)
FNF:4
FNH:3
FNDA:7,(anonymous_0)
FNDA:4,(anonymous_1)
FNDA:0,(anonymous_2)
FNDA:2,(anonymous_3)
DA:1,2
DA:2,2
DA:4,2
DA:5,7
DA:6,7
DA:8,7
DA:9,0
DA:12,7
DA:14,7
DA:15,2
DA:19,5
DA:21,0
DA:22,0
DA:26,2
DA:34,4
DA:36,4
DA:45,2
DA:47,2
DA:49,2
DA:56,2
DA:57,0
DA:58,0
DA:59,0
DA:61,0
DA:65,2
DA:74,2
DA:75,2
DA:85,2
DA:86,1
DA:87,1
DA:89,1
DA:93,2
LF:32
LH:25
BRDA:8,0,0,0
BRDA:8,0,1,7
BRDA:14,1,0,2
BRDA:14,1,1,5
BRDA:58,2,0,0
BRDA:58,2,1,0
BRDA:82,3,0,2
BRDA:82,3,1,0
BRF:8
BRH:4
end_of_record
TN:
SF:stats\avgPostLength.js
FN:6,avgPostLengthPerUser
FNF:1
FNH:0
FNDA:0,avgPostLengthPerUser
DA:1,2
DA:2,2
DA:3,2
DA:4,2
DA:7,0
DA:8,0
DA:38,0
DA:40,0
DA:42,0
DA:44,0
DA:48,2
LF:11
LH:5
BRF:0
BRH:0
end_of_record
TN:
SF:stats\commentsPerPost.js
FN:4,getCommentsPerPost
FNF:1
FNH:1
FNDA:2,getCommentsPerPost
DA:1,2
DA:2,2
DA:5,2
DA:19,2
DA:20,2
DA:23,2
LF:6
LH:6
BRF:0
BRH:0
end_of_record
TN:
SF:stats\commentsPerUser.js
FN:5,getCommentsPerUser
FNF:1
FNH:0
FNDA:0,getCommentsPerUser
DA:1,2
DA:2,2
DA:3,2
DA:6,0
DA:24,0
DA:25,0
DA:28,2
LF:7
LH:4
BRF:0
BRH:0
end_of_record
TN:
SF:stats\postsPerUser.js
FN:6,postsPerUser
FN:40,getPostsNumber
FNF:2
FNH:0
FNDA:0,postsPerUser
FNDA:0,getPostsNumber
DA:1,2
DA:2,2
DA:3,2
DA:4,2
DA:7,0
DA:8,0
DA:31,0
DA:32,0
DA:34,0
DA:36,0
DA:41,0
DA:42,0
DA:60,0
DA:62,0
DA:64,0
DA:68,2
LF:16
LH:5
BRF:0
BRH:0
end_of_record
TN:
SF:stats\tagsPopularity.js
FN:5,(anonymous_0)
FNF:1
FNH:0
FNDA:0,(anonymous_0)
DA:1,2
DA:2,2
DA:3,2
DA:5,2
DA:6,0
DA:7,0
DA:30,0
DA:32,0
DA:33,0
DA:37,2
LF:10
LH:5
BRF:0
BRH:0
end_of_record
