TN:
SF:database.js
FNF:0
FNH:0
DA:1,1
DA:2,1
DA:4,1
DA:5,1
DA:7,1
LF:5
LH:5
BRF:0
BRH:0
end_of_record
TN:
SF:server.js
FN:11,(anonymous_0)
FNF:1
FNH:1
FNDA:1,(anonymous_0)
DA:1,1
DA:2,1
DA:3,1
DA:4,1
DA:6,1
DA:8,1
DA:11,1
DA:12,1
DA:15,1
LF:9
LH:9
BRF:0
BRH:0
end_of_record
TN:
SF:middlewares\index.js
FN:11,addMiddlewares
FNF:1
FNH:1
FNDA:1,addMiddlewares
DA:1,1
DA:2,1
DA:3,1
DA:4,1
DA:5,1
DA:6,1
DA:7,1
DA:8,1
DA:9,1
DA:13,1
DA:14,1
DA:17,1
DA:18,1
DA:19,1
DA:28,1
DA:31,1
DA:32,1
DA:33,1
DA:34,1
DA:35,1
DA:36,1
DA:39,1
LF:22
LH:22
BRF:0
BRH:0
end_of_record
TN:
SF:models\Comment.js
FNF:0
FNH:0
DA:1,1
DA:3,1
DA:11,1
LF:3
LH:3
BRF:0
BRH:0
end_of_record
TN:
SF:models\Post.js
FNF:0
FNH:0
DA:1,1
DA:3,1
DA:24,1
LF:3
LH:3
BRF:0
BRH:0
end_of_record
TN:
SF:models\User.js
FN:33,(anonymous_0)
FNF:1
FNH:1
FNDA:10,(anonymous_0)
DA:1,1
DA:2,1
DA:3,1
DA:33,1
DA:34,10
DA:35,10
DA:36,10
DA:37,10
DA:39,0
DA:43,1
LF:10
LH:9
BRF:0
BRH:0
end_of_record
TN:
SF:routes\Post\post.js
FN:7,(anonymous_0)
FN:24,(anonymous_1)
FNF:2
FNH:2
FNDA:1,(anonymous_0)
FNDA:1,(anonymous_1)
DA:1,1
DA:2,1
DA:3,1
DA:4,1
DA:5,1
DA:7,1
DA:8,1
DA:9,1
DA:10,1
DA:12,1
DA:14,1
DA:15,1
DA:17,0
DA:18,0
DA:24,1
DA:25,1
DA:26,1
DA:27,1
DA:29,1
DA:30,1
DA:31,1
DA:34,1
LF:22
LH:20
BRF:0
BRH:0
end_of_record
TN:
SF:routes\Post\search.js
FN:11,(anonymous_0)
FN:15,(anonymous_1)
FN:30,(anonymous_2)
FNF:3
FNH:1
FNDA:0,(anonymous_0)
FNDA:0,(anonymous_1)
FNDA:1,(anonymous_2)
DA:1,1
DA:2,1
DA:3,1
DA:8,1
DA:9,1
DA:11,1
DA:12,0
DA:13,0
DA:15,0
DA:17,0
DA:18,0
DA:20,0
DA:26,0
DA:30,1
DA:31,1
DA:33,1
DA:34,1
DA:36,1
DA:38,1
DA:46,0
DA:47,0
DA:51,1
LF:22
LH:13
BRF:0
BRH:0
end_of_record
TN:
SF:routes\Post\trends.js
FN:8,(anonymous_0)
FNF:1
FNH:0
FNDA:0,(anonymous_0)
DA:1,1
DA:2,1
DA:3,1
DA:4,1
DA:5,1
DA:6,1
DA:8,1
DA:9,0
DA:10,0
DA:11,0
DA:13,0
DA:14,0
DA:16,0
DA:18,1
LF:14
LH:8
BRF:0
BRH:0
end_of_record
TN:
SF:routes\User\auth.js
FN:8,(anonymous_0)
FN:23,(anonymous_1)
FN:27,(anonymous_2)
FNF:3
FNH:1
FNDA:6,(anonymous_0)
FNDA:0,(anonymous_1)
FNDA:0,(anonymous_2)
DA:1,1
DA:2,1
DA:3,1
DA:4,1
DA:5,1
DA:6,1
DA:8,1
DA:9,6
DA:11,6
DA:13,6
DA:14,5
DA:15,5
DA:17,5
DA:19,1
DA:23,1
DA:24,0
DA:27,1
DA:28,0
DA:29,0
DA:30,0
DA:31,0
DA:34,1
LF:22
LH:17
BRDA:13,0,0,5
BRDA:13,0,1,1
BRF:2
BRH:2
end_of_record
TN:
SF:routes\User\register.js
FN:6,(anonymous_0)
FNF:1
FNH:1
FNDA:2,(anonymous_0)
DA:1,1
DA:2,1
DA:3,1
DA:4,1
DA:6,1
DA:8,2
DA:10,2
DA:19,2
DA:20,1
DA:21,1
DA:23,1
DA:27,1
LF:12
LH:12
BRDA:19,0,0,1
BRDA:19,0,1,1
BRF:2
BRH:2
end_of_record
TN:
SF:routes\User\users.js
FN:11,(anonymous_0)
FN:26,(anonymous_1)
FN:38,(anonymous_2)
FNF:3
FNH:1
FNDA:0,(anonymous_0)
FNDA:0,(anonymous_1)
FNDA:2,(anonymous_2)
DA:1,1
DA:2,1
DA:3,1
DA:4,1
DA:5,1
DA:6,1
DA:7,1
DA:9,1
DA:11,1
DA:12,0
DA:13,0
DA:14,0
DA:16,0
DA:17,0
DA:19,0
DA:26,1
DA:27,0
DA:28,0
DA:30,0
DA:31,0
DA:33,0
DA:34,0
DA:38,1
DA:39,2
DA:41,2
DA:42,2
DA:46,2
DA:47,0
DA:49,2
DA:52,2
DA:62,2
DA:63,1
DA:66,1
DA:68,1
DA:70,1
DA:71,1
DA:76,1
DA:80,1
LF:38
LH:25
BRDA:16,0,0,0
BRDA:16,0,1,0
BRDA:17,1,0,0
BRDA:17,1,1,0
BRDA:46,2,0,0
BRDA:46,2,1,2
BRDA:62,3,0,1
BRDA:62,3,1,1
BRF:8
BRH:3
end_of_record
TN:
SF:services\commentFunctions.js
FN:3,(anonymous_0)
FNF:1
FNH:1
FNDA:1,(anonymous_0)
DA:1,1
DA:3,1
DA:4,1
DA:9,1
DA:12,1
LF:5
LH:5
BRF:0
BRH:0
end_of_record
TN:
SF:services\postFunctions.js
FN:3,(anonymous_0)
FN:15,(anonymous_1)
FN:16,(anonymous_2)
FN:23,(anonymous_3)
FNF:4
FNH:3
FNDA:0,(anonymous_0)
FNDA:2,(anonymous_1)
FNDA:2,(anonymous_2)
FNDA:1,(anonymous_3)
DA:1,1
DA:3,1
DA:4,0
DA:11,0
DA:12,0
DA:15,1
DA:16,2
DA:18,2
DA:20,2
DA:23,1
DA:31,1
DA:43,1
LF:12
LH:9
BRF:0
BRH:0
end_of_record
TN:
SF:services\userFunctions.js
FN:4,(anonymous_0)
FN:26,(anonymous_1)
FN:56,(anonymous_2)
FN:65,(anonymous_3)
FNF:4
FNH:3
FNDA:6,(anonymous_0)
FNDA:2,(anonymous_1)
FNDA:0,(anonymous_2)
FNDA:2,(anonymous_3)
DA:1,1
DA:2,1
DA:4,1
DA:5,6
DA:6,6
DA:8,6
DA:9,0
DA:12,6
DA:14,6
DA:15,1
DA:19,5
DA:21,0
DA:22,0
DA:26,1
DA:34,2
DA:36,2
DA:45,1
DA:47,1
DA:49,1
DA:56,1
DA:57,0
DA:58,0
DA:59,0
DA:61,0
DA:65,1
DA:74,2
DA:75,2
DA:85,2
DA:86,1
DA:87,1
DA:89,1
DA:93,1
LF:32
LH:25
BRDA:8,0,0,0
BRDA:8,0,1,6
BRDA:14,1,0,1
BRDA:14,1,1,5
BRDA:58,2,0,0
BRDA:58,2,1,0
BRDA:82,3,0,2
BRDA:82,3,1,0
BRF:8
BRH:4
end_of_record
TN:
SF:stats\avgPostLength.js
FN:6,avgPostLengthPerUser
FNF:1
FNH:0
FNDA:0,avgPostLengthPerUser
DA:1,1
DA:2,1
DA:3,1
DA:4,1
DA:7,0
DA:8,0
DA:38,0
DA:39,0
DA:41,0
DA:45,1
LF:10
LH:5
BRF:0
BRH:0
end_of_record
TN:
SF:stats\commentsPerPost.js
FN:4,getCommentsPerPost
FNF:1
FNH:1
FNDA:1,getCommentsPerPost
DA:1,1
DA:2,1
DA:5,1
DA:19,1
DA:20,1
DA:23,1
LF:6
LH:6
BRF:0
BRH:0
end_of_record
TN:
SF:stats\commentsPerUser.js
FN:5,getCommentsPerUser
FNF:1
FNH:0
FNDA:0,getCommentsPerUser
DA:1,1
DA:2,1
DA:3,1
DA:6,0
DA:24,0
DA:25,0
DA:28,1
LF:7
LH:4
BRF:0
BRH:0
end_of_record
TN:
SF:stats\postsPerUser.js
FN:6,postsPerUser
FN:39,getPostsNumber
FNF:2
FNH:0
FNDA:0,postsPerUser
FNDA:0,getPostsNumber
DA:1,1
DA:2,1
DA:3,1
DA:4,1
DA:7,0
DA:8,0
DA:31,0
DA:33,0
DA:35,0
DA:40,0
DA:41,0
DA:59,0
DA:61,0
DA:65,1
LF:14
LH:5
BRF:0
BRH:0
end_of_record
TN:
SF:stats\tagsPopularity.js
FN:5,(anonymous_0)
FNF:1
FNH:0
FNDA:0,(anonymous_0)
DA:1,1
DA:2,1
DA:3,1
DA:5,1
DA:6,0
DA:7,0
DA:30,0
DA:32,0
DA:33,0
DA:37,1
LF:10
LH:5
BRF:0
BRH:0
end_of_record
